14 Mar 2018 12:05:38,243 0 [main] INFO com.encode.module.EncodeText  - Invalid character: 1
14 Mar 2018 12:13:39,628 0 [main] INFO com.encode.module.EncodeTextTest  - BTEG
14 Mar 2018 12:24:23,977 0 [main] INFO com.encode.module.EncodeTextTest  - BTerEG
14 Mar 2018 12:24:49,076 0 [main] INFO com.encode.module.EncodeTextTest  - BTerEGaA
14 Mar 2018 12:25:33,001 1 [main] INFO com.encode.module.EncodeTextTest  - @RcpCEyY
14 Mar 2018 15:17:54,422 0 [main] INFO com.encode.module.EncodeText  - CDB
14 Mar 2018 15:18:26,693 0 [main] INFO com.encode.module.EncodeText  - ?@X
14 Mar 2018 15:24:59,285 0 [main] INFO com.encode.module.EncodeText  - YZX
14 Mar 2018 15:33:51,637 0 [main] INFO com.encode.module.EncodeText  - YZX
14 Mar 2018 15:34:08,369 0 [main] INFO com.encode.module.EncodeText  - ZAY
14 Mar 2018 15:34:28,493 0 [main] INFO com.encode.module.EncodeText  - ABZ
14 Mar 2018 15:34:47,921 0 [main] INFO com.encode.module.EncodeText  - ABZ
14 Mar 2018 15:34:59,715 1 [main] INFO com.encode.module.EncodeText  - ZAY
14 Mar 2018 15:36:00,978 0 [main] INFO com.encode.module.EncodeText  - BCA
14 Mar 2018 15:36:55,943 0 [main] INFO com.encode.module.EncodeText  - WXV
14 Mar 2018 15:37:18,022 0 [main] INFO com.encode.module.EncodeText  - WXwaV
14 Mar 2018 15:37:29,670 0 [main] INFO com.encode.module.EncodeText  - BCbfA
14 Mar 2018 15:37:46,336 0 [main] INFO com.encode.module.EncodeText  - ZAzdY
14 Mar 2018 15:39:03,421 0 [main] INFO com.encode.module.EncodeTextTest  - ZRcpCEyY
14 Mar 2018 15:44:45,145 0 [main] INFO com.encode.module.EncodeText  - ZABC
14 Mar 2018 15:45:11,824 0 [main] INFO com.encode.module.EncodeText  - BCDE
14 Mar 2018 15:45:54,812 0 [main] INFO com.encode.module.EncodeText  - BCDE
14 Mar 2018 15:51:09,200 1 [main] INFO com.encode.module.EncodeText  - The endoded string : BCDE
14 Mar 2018 15:51:09,204 5 [main] INFO com.encode.module.EncodeText  - The endoded string : ZABC
14 Mar 2018 15:51:09,204 5 [main] INFO com.encode.module.EncodeText  - The endoded string : ZRcpCEyY
14 Mar 2018 15:51:09,204 5 [main] INFO com.encode.module.EncodeText  - The endoded string : BTerEGaA
14 Mar 2018 15:51:09,204 5 [main] INFO com.encode.module.EncodeText  - The endoded string : CDEF
14 Mar 2018 15:51:09,205 6 [main] INFO com.encode.module.EncodeText  - The endoded string : YZAB
14 Mar 2018 15:52:03,461 0 [main] INFO com.encode.module.EncodeText  - The endoded string : BCDE
14 Mar 2018 15:52:03,472 11 [main] INFO com.encode.module.EncodeText  - The endoded string : ZABC
14 Mar 2018 15:52:03,472 11 [main] INFO com.encode.module.EncodeText  - The endoded string : ZRcpCEyY
14 Mar 2018 15:52:03,472 11 [main] INFO com.encode.module.EncodeText  - The endoded string : BTerEGaA
14 Mar 2018 15:52:03,472 11 [main] INFO com.encode.module.EncodeText  - The endoded string : CDEF
14 Mar 2018 15:52:03,473 12 [main] INFO com.encode.module.EncodeText  - The endoded string : YZAB
14 Mar 2018 15:52:03,473 12 [main] INFO com.encode.module.EncodeText  - The endoded string : YQboBDxX
14 Mar 2018 15:52:21,330 1 [main] INFO com.encode.module.EncodeText  - The endoded string : BCDE
14 Mar 2018 15:52:21,339 10 [main] INFO com.encode.module.EncodeText  - The endoded string : ZABC
14 Mar 2018 15:52:21,339 10 [main] INFO com.encode.module.EncodeText  - The endoded string : ZRcpCEyY
14 Mar 2018 15:52:21,340 11 [main] INFO com.encode.module.EncodeText  - The endoded string : BTerEGaA
14 Mar 2018 15:52:21,340 11 [main] INFO com.encode.module.EncodeText  - The endoded string : CDEF
14 Mar 2018 15:52:21,340 11 [main] INFO com.encode.module.EncodeText  - The endoded string : YZAB
14 Mar 2018 15:52:21,340 11 [main] INFO com.encode.module.EncodeText  - The endoded string : YQboBDxX
14 Mar 2018 15:52:21,340 11 [main] INFO com.encode.module.EncodeText  - The endoded string : CUfsFHbB
14 Mar 2018 15:52:37,231 0 [main] INFO com.encode.module.EncodeText  - The endoded string : BCDE
14 Mar 2018 15:52:37,236 5 [main] INFO com.encode.module.EncodeText  - The endoded string : ZABC
14 Mar 2018 15:52:37,237 6 [main] INFO com.encode.module.EncodeText  - The endoded string : ZRcpCEyY
14 Mar 2018 15:52:37,237 6 [main] INFO com.encode.module.EncodeText  - The endoded string : BTerEGaA
14 Mar 2018 15:52:37,237 6 [main] INFO com.encode.module.EncodeText  - The endoded string : CDEF
14 Mar 2018 15:52:37,238 7 [main] INFO com.encode.module.EncodeText  - The endoded string : YZAB
14 Mar 2018 15:52:37,239 8 [main] INFO com.encode.module.EncodeText  - The endoded string : YQboBDxX
14 Mar 2018 15:52:37,239 8 [main] INFO com.encode.module.EncodeText  - The endoded string : CUfsFHbB
14 Mar 2018 15:56:00,039 0 [main] INFO com.encode.module.EncodeTextTest  - Invalid character: 1
14 Mar 2018 16:00:42,968 0 [main] INFO com.encode.module.EncodeText  - The endoded string : BCDE
14 Mar 2018 16:00:42,972 4 [main] INFO com.encode.module.EncodeText  - The endoded string : ZABC
14 Mar 2018 16:00:42,972 4 [main] INFO com.encode.module.EncodeText  - The endoded string : ZRcpCEyY
14 Mar 2018 16:00:42,972 4 [main] INFO com.encode.module.EncodeText  - The endoded string : BTerEGaA
14 Mar 2018 16:00:42,973 5 [main] INFO com.encode.module.EncodeText  - The endoded string : CDEF
14 Mar 2018 16:00:42,973 5 [main] INFO com.encode.module.EncodeText  - The endoded string : YZAB
14 Mar 2018 16:00:42,973 5 [main] INFO com.encode.module.EncodeText  - The endoded string : YQboBDxX
14 Mar 2018 16:00:42,973 5 [main] INFO com.encode.module.EncodeText  - The endoded string : CUfsFHbB
14 Mar 2018 16:00:42,973 5 [main] INFO com.encode.module.EncodeText  - The endoded string : ABCD
14 Mar 2018 16:01:23,478 0 [main] INFO com.encode.module.EncodeText  - The endoded string : BCDE
14 Mar 2018 16:01:23,497 19 [main] INFO com.encode.module.EncodeText  - The endoded string : ZABC
14 Mar 2018 16:01:23,497 19 [main] INFO com.encode.module.EncodeText  - The endoded string : ZRcpCEyY
14 Mar 2018 16:01:23,498 20 [main] INFO com.encode.module.EncodeText  - The endoded string : BTerEGaA
14 Mar 2018 16:01:23,498 20 [main] INFO com.encode.module.EncodeText  - The endoded string : CDEF
14 Mar 2018 16:01:23,499 21 [main] INFO com.encode.module.EncodeText  - The endoded string : YZAB
14 Mar 2018 16:01:23,499 21 [main] INFO com.encode.module.EncodeText  - The endoded string : YQboBDxX
14 Mar 2018 16:01:23,499 21 [main] INFO com.encode.module.EncodeText  - The endoded string : CUfsFHbB
14 Mar 2018 16:01:23,500 22 [main] INFO com.encode.module.EncodeText  - The endoded string : ABCD
14 Mar 2018 16:01:23,500 22 [main] INFO com.encode.module.EncodeText  - The endoded string : ABCD
14 Mar 2018 16:01:23,500 22 [main] INFO com.encode.module.EncodeText  - The endoded string : ASdqDFzZ
14 Mar 2018 16:01:23,501 23 [main] INFO com.encode.module.EncodeText  - The endoded string : ASdqDFzZ
14 Mar 2018 16:02:07,200 0 [main] INFO com.encode.module.EncodeText  - The endoded string : BCDE
14 Mar 2018 16:02:07,205 5 [main] INFO com.encode.module.EncodeText  - The endoded string : ZABC
14 Mar 2018 16:02:07,208 8 [main] INFO com.encode.module.EncodeText  - The endoded string : ZRcpCEyY
14 Mar 2018 16:02:07,209 9 [main] INFO com.encode.module.EncodeText  - The endoded string : BTerEGaA
14 Mar 2018 16:02:07,209 9 [main] INFO com.encode.module.EncodeText  - The endoded string : CDEF
14 Mar 2018 16:02:07,209 9 [main] INFO com.encode.module.EncodeText  - The endoded string : YZAB
14 Mar 2018 16:02:07,210 10 [main] INFO com.encode.module.EncodeText  - The endoded string : YQboBDxX
14 Mar 2018 16:02:07,211 11 [main] INFO com.encode.module.EncodeText  - The endoded string : CUfsFHbB
14 Mar 2018 16:02:07,211 11 [main] INFO com.encode.module.EncodeText  - The endoded string : ABCD
14 Mar 2018 16:02:07,212 12 [main] INFO com.encode.module.EncodeText  - The endoded string : ABCD
14 Mar 2018 16:02:07,213 13 [main] INFO com.encode.module.EncodeText  - The endoded string : ASdqDFzZ
14 Mar 2018 16:02:07,214 14 [main] INFO com.encode.module.EncodeText  - The endoded string : ASdqDFzZ
14 Mar 2018 16:02:07,214 14 [main] INFO com.encode.module.EncodeText  - The endoded string : ZABC
14 Mar 2018 16:02:34,351 0 [main] INFO com.encode.module.EncodeText  - The endoded string : BCDE
14 Mar 2018 16:02:34,358 7 [main] INFO com.encode.module.EncodeText  - The endoded string : ZABC
14 Mar 2018 16:02:34,359 8 [main] INFO com.encode.module.EncodeText  - The endoded string : ZRcpCEyY
14 Mar 2018 16:02:34,359 8 [main] INFO com.encode.module.EncodeText  - The endoded string : BTerEGaA
14 Mar 2018 16:02:34,359 8 [main] INFO com.encode.module.EncodeText  - The endoded string : CDEF
14 Mar 2018 16:02:34,359 8 [main] INFO com.encode.module.EncodeText  - The endoded string : YZAB
14 Mar 2018 16:02:34,360 9 [main] INFO com.encode.module.EncodeText  - The endoded string : YQboBDxX
14 Mar 2018 16:02:34,361 10 [main] INFO com.encode.module.EncodeText  - The endoded string : CUfsFHbB
14 Mar 2018 16:02:34,361 10 [main] INFO com.encode.module.EncodeText  - The endoded string : ABCD
14 Mar 2018 16:02:34,361 10 [main] INFO com.encode.module.EncodeText  - The endoded string : ABCD
14 Mar 2018 16:02:34,362 11 [main] INFO com.encode.module.EncodeText  - The endoded string : ASdqDFzZ
14 Mar 2018 16:02:34,363 12 [main] INFO com.encode.module.EncodeText  - The endoded string : ASdqDFzZ
14 Mar 2018 16:02:34,363 12 [main] INFO com.encode.module.EncodeText  - The endoded string : ZABC
14 Mar 2018 16:02:34,363 12 [main] INFO com.encode.module.EncodeText  - The endoded string : BCDE
14 Mar 2018 16:02:49,119 0 [main] INFO com.encode.module.EncodeText  - The endoded string : BCDE
14 Mar 2018 16:02:49,123 4 [main] INFO com.encode.module.EncodeText  - The endoded string : ZABC
14 Mar 2018 16:02:49,123 4 [main] INFO com.encode.module.EncodeText  - The endoded string : ZRcpCEyY
14 Mar 2018 16:02:49,123 4 [main] INFO com.encode.module.EncodeText  - The endoded string : BTerEGaA
14 Mar 2018 16:02:49,124 5 [main] INFO com.encode.module.EncodeText  - The endoded string : CDEF
14 Mar 2018 16:02:49,126 7 [main] INFO com.encode.module.EncodeText  - The endoded string : YZAB
14 Mar 2018 16:02:49,131 12 [main] INFO com.encode.module.EncodeText  - The endoded string : YQboBDxX
14 Mar 2018 16:02:49,131 12 [main] INFO com.encode.module.EncodeText  - The endoded string : CUfsFHbB
14 Mar 2018 16:02:49,133 14 [main] INFO com.encode.module.EncodeText  - The endoded string : ABCD
14 Mar 2018 16:02:49,134 15 [main] INFO com.encode.module.EncodeText  - The endoded string : ABCD
14 Mar 2018 16:02:49,134 15 [main] INFO com.encode.module.EncodeText  - The endoded string : ASdqDFzZ
14 Mar 2018 16:02:49,135 16 [main] INFO com.encode.module.EncodeText  - The endoded string : ASdqDFzZ
14 Mar 2018 16:02:49,136 17 [main] INFO com.encode.module.EncodeText  - The endoded string : ZABC
14 Mar 2018 16:02:49,136 17 [main] INFO com.encode.module.EncodeText  - The endoded string : BCDE
14 Mar 2018 16:02:49,136 17 [main] INFO com.encode.module.EncodeText  - The endoded string : BTerEGaA
14 Mar 2018 16:03:06,189 0 [main] INFO com.encode.module.EncodeText  - The endoded string : BCDE
14 Mar 2018 16:03:06,192 3 [main] INFO com.encode.module.EncodeText  - The endoded string : ZABC
14 Mar 2018 16:03:06,192 3 [main] INFO com.encode.module.EncodeText  - The endoded string : ZRcpCEyY
14 Mar 2018 16:03:06,192 3 [main] INFO com.encode.module.EncodeText  - The endoded string : BTerEGaA
14 Mar 2018 16:03:06,192 3 [main] INFO com.encode.module.EncodeText  - The endoded string : CDEF
14 Mar 2018 16:03:06,193 4 [main] INFO com.encode.module.EncodeText  - The endoded string : YZAB
14 Mar 2018 16:03:06,193 4 [main] INFO com.encode.module.EncodeText  - The endoded string : YQboBDxX
14 Mar 2018 16:03:06,193 4 [main] INFO com.encode.module.EncodeText  - The endoded string : CUfsFHbB
14 Mar 2018 16:03:06,194 5 [main] INFO com.encode.module.EncodeText  - The endoded string : ABCD
14 Mar 2018 16:03:06,194 5 [main] INFO com.encode.module.EncodeText  - The endoded string : ABCD
14 Mar 2018 16:03:06,194 5 [main] INFO com.encode.module.EncodeText  - The endoded string : ASdqDFzZ
14 Mar 2018 16:03:06,194 5 [main] INFO com.encode.module.EncodeText  - The endoded string : ASdqDFzZ
14 Mar 2018 16:03:06,195 6 [main] INFO com.encode.module.EncodeText  - The endoded string : ZABC
14 Mar 2018 16:03:06,195 6 [main] INFO com.encode.module.EncodeText  - The endoded string : BCDE
14 Mar 2018 16:03:06,195 6 [main] INFO com.encode.module.EncodeText  - The endoded string : BTerEGaA
14 Mar 2018 16:03:06,196 7 [main] INFO com.encode.module.EncodeText  - The endoded string : ZRcpCEyY
14 Mar 2018 16:03:17,178 0 [main] INFO com.encode.module.EncodeText  - The endoded string : BCDE
14 Mar 2018 16:03:17,183 5 [main] INFO com.encode.module.EncodeText  - The endoded string : ZABC
14 Mar 2018 16:03:17,183 5 [main] INFO com.encode.module.EncodeText  - The endoded string : ZRcpCEyY
14 Mar 2018 16:03:17,183 5 [main] INFO com.encode.module.EncodeText  - The endoded string : BTerEGaA
14 Mar 2018 16:03:17,184 6 [main] INFO com.encode.module.EncodeText  - The endoded string : CDEF
14 Mar 2018 16:03:17,184 6 [main] INFO com.encode.module.EncodeText  - The endoded string : YZAB
14 Mar 2018 16:03:17,184 6 [main] INFO com.encode.module.EncodeText  - The endoded string : YQboBDxX
14 Mar 2018 16:03:17,184 6 [main] INFO com.encode.module.EncodeText  - The endoded string : CUfsFHbB
14 Mar 2018 16:03:17,184 6 [main] INFO com.encode.module.EncodeText  - The endoded string : ABCD
14 Mar 2018 16:03:17,184 6 [main] INFO com.encode.module.EncodeText  - The endoded string : ABCD
14 Mar 2018 16:03:17,185 7 [main] INFO com.encode.module.EncodeText  - The endoded string : ASdqDFzZ
14 Mar 2018 16:03:17,185 7 [main] INFO com.encode.module.EncodeText  - The endoded string : ASdqDFzZ
14 Mar 2018 16:03:17,185 7 [main] INFO com.encode.module.EncodeText  - The endoded string : ZABC
14 Mar 2018 16:03:17,185 7 [main] INFO com.encode.module.EncodeText  - The endoded string : BCDE
14 Mar 2018 16:03:17,186 8 [main] INFO com.encode.module.EncodeText  - The endoded string : BTerEGaA
14 Mar 2018 16:03:17,186 8 [main] INFO com.encode.module.EncodeText  - The endoded string : ZRcpCEyY
14 Mar 2018 16:04:26,143 0 [main] INFO com.encode.module.EncodeText  - The endoded string : BCDE
14 Mar 2018 16:04:26,151 8 [main] INFO com.encode.module.EncodeText  - The endoded string : ZABC
14 Mar 2018 16:04:26,152 9 [main] INFO com.encode.module.EncodeText  - The endoded string : ZRcpCEyY
14 Mar 2018 16:04:26,152 9 [main] INFO com.encode.module.EncodeText  - The endoded string : BTerEGaA
14 Mar 2018 16:04:26,152 9 [main] INFO com.encode.module.EncodeText  - The endoded string : CDEF
14 Mar 2018 16:04:26,152 9 [main] INFO com.encode.module.EncodeText  - The endoded string : YZAB
14 Mar 2018 16:04:26,153 10 [main] INFO com.encode.module.EncodeText  - The endoded string : YQboBDxX
14 Mar 2018 16:04:26,153 10 [main] INFO com.encode.module.EncodeText  - The endoded string : CUfsFHbB
14 Mar 2018 16:04:26,153 10 [main] INFO com.encode.module.EncodeText  - The endoded string : ABCD
14 Mar 2018 16:04:26,154 11 [main] INFO com.encode.module.EncodeText  - The endoded string : ABCD
14 Mar 2018 16:04:26,154 11 [main] INFO com.encode.module.EncodeText  - The endoded string : ASdqDFzZ
14 Mar 2018 16:04:26,155 12 [main] INFO com.encode.module.EncodeText  - The endoded string : ASdqDFzZ
14 Mar 2018 16:04:26,156 13 [main] INFO com.encode.module.EncodeText  - The endoded string : ZABC
14 Mar 2018 16:04:26,156 13 [main] INFO com.encode.module.EncodeText  - The endoded string : BCDE
14 Mar 2018 16:04:26,156 13 [main] INFO com.encode.module.EncodeText  - The endoded string : BTerEGaA
14 Mar 2018 16:04:26,156 13 [main] INFO com.encode.module.EncodeText  - The endoded string : ZRcpCEyY
14 Mar 2018 16:04:26,156 13 [main] INFO com.encode.module.EncodeText  - The endoded string : WXYZ
14 Mar 2018 16:04:49,432 0 [main] INFO com.encode.module.EncodeText  - The endoded string : BCDE
14 Mar 2018 16:04:49,442 10 [main] INFO com.encode.module.EncodeText  - The endoded string : ZABC
14 Mar 2018 16:04:49,442 10 [main] INFO com.encode.module.EncodeText  - The endoded string : ZRcpCEyY
14 Mar 2018 16:04:49,442 10 [main] INFO com.encode.module.EncodeText  - The endoded string : BTerEGaA
14 Mar 2018 16:04:49,443 11 [main] INFO com.encode.module.EncodeText  - The endoded string : CDEF
14 Mar 2018 16:04:49,443 11 [main] INFO com.encode.module.EncodeText  - The endoded string : YZAB
14 Mar 2018 16:04:49,443 11 [main] INFO com.encode.module.EncodeText  - The endoded string : YQboBDxX
14 Mar 2018 16:04:49,443 11 [main] INFO com.encode.module.EncodeText  - The endoded string : CUfsFHbB
14 Mar 2018 16:04:49,444 12 [main] INFO com.encode.module.EncodeText  - The endoded string : ABCD
14 Mar 2018 16:04:49,444 12 [main] INFO com.encode.module.EncodeText  - The endoded string : ABCD
14 Mar 2018 16:04:49,444 12 [main] INFO com.encode.module.EncodeText  - The endoded string : ASdqDFzZ
14 Mar 2018 16:04:49,444 12 [main] INFO com.encode.module.EncodeText  - The endoded string : ASdqDFzZ
14 Mar 2018 16:04:49,445 13 [main] INFO com.encode.module.EncodeText  - The endoded string : ZABC
14 Mar 2018 16:04:49,445 13 [main] INFO com.encode.module.EncodeText  - The endoded string : BCDE
14 Mar 2018 16:04:49,445 13 [main] INFO com.encode.module.EncodeText  - The endoded string : BTerEGaA
14 Mar 2018 16:04:49,445 13 [main] INFO com.encode.module.EncodeText  - The endoded string : ZRcpCEyY
14 Mar 2018 16:04:49,445 13 [main] INFO com.encode.module.EncodeText  - The endoded string : WXYZ
14 Mar 2018 16:04:49,446 14 [main] INFO com.encode.module.EncodeText  - The endoded string : EFGH
14 Mar 2018 16:05:02,292 0 [main] INFO com.encode.module.EncodeText  - The endoded string : BCDE
14 Mar 2018 16:05:02,299 7 [main] INFO com.encode.module.EncodeText  - The endoded string : ZABC
14 Mar 2018 16:05:02,299 7 [main] INFO com.encode.module.EncodeText  - The endoded string : ZRcpCEyY
14 Mar 2018 16:05:02,299 7 [main] INFO com.encode.module.EncodeText  - The endoded string : BTerEGaA
14 Mar 2018 16:05:02,300 8 [main] INFO com.encode.module.EncodeText  - The endoded string : CDEF
14 Mar 2018 16:05:02,300 8 [main] INFO com.encode.module.EncodeText  - The endoded string : YZAB
14 Mar 2018 16:05:02,300 8 [main] INFO com.encode.module.EncodeText  - The endoded string : YQboBDxX
14 Mar 2018 16:05:02,300 8 [main] INFO com.encode.module.EncodeText  - The endoded string : CUfsFHbB
14 Mar 2018 16:05:02,300 8 [main] INFO com.encode.module.EncodeText  - The endoded string : ABCD
14 Mar 2018 16:05:02,300 8 [main] INFO com.encode.module.EncodeText  - The endoded string : ABCD
14 Mar 2018 16:05:02,301 9 [main] INFO com.encode.module.EncodeText  - The endoded string : ASdqDFzZ
14 Mar 2018 16:05:02,301 9 [main] INFO com.encode.module.EncodeText  - The endoded string : ASdqDFzZ
14 Mar 2018 16:05:02,301 9 [main] INFO com.encode.module.EncodeText  - The endoded string : ZABC
14 Mar 2018 16:05:02,301 9 [main] INFO com.encode.module.EncodeText  - The endoded string : BCDE
14 Mar 2018 16:05:02,301 9 [main] INFO com.encode.module.EncodeText  - The endoded string : BTerEGaA
14 Mar 2018 16:05:02,301 9 [main] INFO com.encode.module.EncodeText  - The endoded string : ZRcpCEyY
14 Mar 2018 16:05:02,302 10 [main] INFO com.encode.module.EncodeText  - The endoded string : WXYZ
14 Mar 2018 16:05:02,302 10 [main] INFO com.encode.module.EncodeText  - The endoded string : EFGH
14 Mar 2018 16:05:02,302 10 [main] INFO com.encode.module.EncodeText  - The endoded string : EWhuHJdD
14 Mar 2018 16:05:13,350 0 [main] INFO com.encode.module.EncodeText  - The endoded string : BCDE
14 Mar 2018 16:05:13,357 7 [main] INFO com.encode.module.EncodeText  - The endoded string : ZABC
14 Mar 2018 16:05:13,357 7 [main] INFO com.encode.module.EncodeText  - The endoded string : ZRcpCEyY
14 Mar 2018 16:05:13,358 8 [main] INFO com.encode.module.EncodeText  - The endoded string : BTerEGaA
14 Mar 2018 16:05:13,358 8 [main] INFO com.encode.module.EncodeText  - The endoded string : CDEF
14 Mar 2018 16:05:13,360 10 [main] INFO com.encode.module.EncodeText  - The endoded string : YZAB
14 Mar 2018 16:05:13,361 11 [main] INFO com.encode.module.EncodeText  - The endoded string : YQboBDxX
14 Mar 2018 16:05:13,361 11 [main] INFO com.encode.module.EncodeText  - The endoded string : CUfsFHbB
14 Mar 2018 16:05:13,362 12 [main] INFO com.encode.module.EncodeText  - The endoded string : ABCD
14 Mar 2018 16:05:13,362 12 [main] INFO com.encode.module.EncodeText  - The endoded string : ABCD
14 Mar 2018 16:05:13,362 12 [main] INFO com.encode.module.EncodeText  - The endoded string : ASdqDFzZ
14 Mar 2018 16:05:13,363 13 [main] INFO com.encode.module.EncodeText  - The endoded string : ASdqDFzZ
14 Mar 2018 16:05:13,363 13 [main] INFO com.encode.module.EncodeText  - The endoded string : ZABC
14 Mar 2018 16:05:13,363 13 [main] INFO com.encode.module.EncodeText  - The endoded string : BCDE
14 Mar 2018 16:05:13,363 13 [main] INFO com.encode.module.EncodeText  - The endoded string : BTerEGaA
14 Mar 2018 16:05:13,363 13 [main] INFO com.encode.module.EncodeText  - The endoded string : ZRcpCEyY
14 Mar 2018 16:05:13,364 14 [main] INFO com.encode.module.EncodeText  - The endoded string : WXYZ
14 Mar 2018 16:05:13,364 14 [main] INFO com.encode.module.EncodeText  - The endoded string : EFGH
14 Mar 2018 16:05:13,365 15 [main] INFO com.encode.module.EncodeText  - The endoded string : EWhuHJdD
14 Mar 2018 16:05:13,365 15 [main] INFO com.encode.module.EncodeText  - The endoded string : WOzmZBvV
14 Mar 2018 16:05:25,988 0 [main] INFO com.encode.module.EncodeText  - The endoded string : BCDE
14 Mar 2018 16:05:25,991 3 [main] INFO com.encode.module.EncodeText  - The endoded string : ZABC
14 Mar 2018 16:05:25,992 4 [main] INFO com.encode.module.EncodeText  - The endoded string : ZRcpCEyY
14 Mar 2018 16:05:25,992 4 [main] INFO com.encode.module.EncodeText  - The endoded string : BTerEGaA
14 Mar 2018 16:05:25,992 4 [main] INFO com.encode.module.EncodeText  - The endoded string : CDEF
14 Mar 2018 16:05:25,992 4 [main] INFO com.encode.module.EncodeText  - The endoded string : YZAB
14 Mar 2018 16:05:25,992 4 [main] INFO com.encode.module.EncodeText  - The endoded string : YQboBDxX
14 Mar 2018 16:05:25,993 5 [main] INFO com.encode.module.EncodeText  - The endoded string : CUfsFHbB
14 Mar 2018 16:05:25,993 5 [main] INFO com.encode.module.EncodeText  - The endoded string : ABCD
14 Mar 2018 16:05:25,993 5 [main] INFO com.encode.module.EncodeText  - The endoded string : ABCD
14 Mar 2018 16:05:25,993 5 [main] INFO com.encode.module.EncodeText  - The endoded string : ASdqDFzZ
14 Mar 2018 16:05:25,994 6 [main] INFO com.encode.module.EncodeText  - The endoded string : ASdqDFzZ
14 Mar 2018 16:05:25,995 7 [main] INFO com.encode.module.EncodeText  - The endoded string : ZABC
14 Mar 2018 16:05:25,997 9 [main] INFO com.encode.module.EncodeText  - The endoded string : BCDE
14 Mar 2018 16:05:25,998 10 [main] INFO com.encode.module.EncodeText  - The endoded string : BTerEGaA
14 Mar 2018 16:05:25,998 10 [main] INFO com.encode.module.EncodeText  - The endoded string : ZRcpCEyY
14 Mar 2018 16:05:25,999 11 [main] INFO com.encode.module.EncodeText  - The endoded string : WXYZ
14 Mar 2018 16:05:25,999 11 [main] INFO com.encode.module.EncodeText  - The endoded string : EFGH
14 Mar 2018 16:05:26,000 12 [main] INFO com.encode.module.EncodeText  - The endoded string : EWhuHJdD
14 Mar 2018 16:05:26,000 12 [main] INFO com.encode.module.EncodeText  - The endoded string : WOzmZBvV
